Log file open, 06/01/17 14:07:03
LogInit:Display: Running engine for game: MirrorGameJam
LogPlatformFile: Not using cached read wrapper
LogInit:Display: RandInit(-1167769102) SRandInit(-1167769101).
LogTaskGraph: Started task graph with 5 named threads and 6 total threads with 1 sets of task threads.
LogStats: Stats thread started at 0.104235
LogInit: Using libcurl 7.47.1
LogInit:  - built for x86_64-pc-win32
LogInit:  - supports SSL with OpenSSL/1.0.2g
LogInit:  - supports HTTP deflate (compression) using libz 1.2.8
LogInit:  - other features:
LogInit:      CURL_VERSION_SSL
LogInit:      CURL_VERSION_LIBZ
LogInit:      CURL_VERSION_IPV6
LogInit:      CURL_VERSION_ASYNCHDNS
LogInit:      CURL_VERSION_LARGEFILE
LogInit:      CURL_VERSION_IDN
LogInit:  CurlRequestOptions (configurable via config and command line):
LogInit:  - bVerifyPeer = false  - Libcurl will NOT verify peer certificate
LogInit:  - bUseHttpProxy = false  - Libcurl will NOT use HTTP proxy
LogInit:  - bDontReuseConnections = false  - Libcurl will reuse connections
LogInit:  - CertBundlePath = nullptr  - Libcurl will use whatever was configured at build time.
LogInit: Build: ++UE4+Release-4.16-CL-3452394
LogInit: Engine Version: 4.16.0-3452394+++UE4+Release-4.16
LogInit: Compatible Engine Version: 4.16.0-3452394+++UE4+Release-4.16
LogInit: Net CL: 3452394
LogDevObjectVersion: Number of dev versions registered: 16
LogDevObjectVersion:   Dev-Blueprints (B0D832E4-1F89-4F0D-ACCF-7EB736FD4AA2): 9
LogDevObjectVersion:   Dev-Build (E1C64328-A22C-4D53-A36C-8E866417BD8C): 0
LogDevObjectVersion:   Dev-Core (375EC13C-06E4-48FB-B500-84F0262A717E): 2
LogDevObjectVersion:   Dev-Editor (E4B068ED-F494-42E9-A231-DA0B2E46BB41): 17
LogDevObjectVersion:   Dev-Framework (CFFC743F-43B0-4480-9391-14DF171D2073): 23
LogDevObjectVersion:   Dev-Mobile (B02B49B5-BB20-44E9-A304-32B752E40360): 0
LogDevObjectVersion:   Dev-Networking (A4E4105C-59A1-49B5-A7C5-40C4547EDFEE): 0
LogDevObjectVersion:   Dev-Online (39C831C9-5AE6-47DC-9A44-9C173E1C8E7C): 0
LogDevObjectVersion:   Dev-Physics (78F01B33-EBEA-4F98-B9B4-84EACCB95AA2): 0
LogDevObjectVersion:   Dev-Platform (6631380F-2D4D-43E0-8009-CF276956A95A): 0
LogDevObjectVersion:   Dev-Rendering (12F88B9F-8875-4AFC-A67C-D90C383ABD29): 15
LogDevObjectVersion:   Dev-Sequencer (7B5AE74C-D270-4C10-A958-57980B212A5A): 4
LogDevObjectVersion:   Dev-VR (D7296918-1DD6-4BDD-9DE2-64A83CC13884): 0
LogDevObjectVersion:   Dev-LoadTimes (C2A15278-BFE7-4AFE-6C17-90FF531DF755): 1
LogDevObjectVersion:   Private-Geometry (6EACA3D4-40EC-4CC1-B786-8BED09428FC5): 1
LogDevObjectVersion:   Dev-AnimPhys (29E575DD-E0A3-4627-9D10-D276232CDCEA): 3
LogInit: Compiled (64-bit): May 22 2017 17:47:00
LogInit: Compiled with Visual C++: 19.00.23026.00
LogInit: Build Configuration: Development
LogInit: Branch Name: ++UE4+Release-4.16
LogInit: Command line: -EpicPortal 
LogInit: Base directory: C:/Program Files/Epic Games/UE_4.16/Engine/Binaries/Win64/
LogInit: Installed Engine Build: 1
LogInit: Presizing for max 8388607 objects, including 0 objects not considered by GC, pre-allocating 0 bytes for permanent pool.
LogInit: Object subsystem initialized
[2017.06.01-12.07.04:468][  0]LogInit: Selected Device Profile: [Windows]
[2017.06.01-12.07.04:468][  0]LogInit: Applying CVar settings loaded from the selected device profile: [Windows]
[2017.06.01-12.07.04:546][  0]LogInit: Computer: DESKTOP-GSDUFVJ
[2017.06.01-12.07.04:546][  0]LogInit: User: liormax
[2017.06.01-12.07.04:546][  0]LogInit: CPU Page size=4096, Cores=2
[2017.06.01-12.07.04:546][  0]LogInit: High frequency timer resolution =2.435874 MHz
[2017.06.01-12.07.04:546][  0]LogMemory: Memory total: Physical=5.9GB (6GB approx)
[2017.06.01-12.07.04:546][  0]LogMemory: Platform Memory Stats for Windows
[2017.06.01-12.07.04:546][  0]LogMemory: Process Physical Memory: 273.78 MB used, 273.78 MB peak
[2017.06.01-12.07.04:546][  0]LogMemory: Process Virtual Memory: 266.70 MB used, 266.70 MB peak
[2017.06.01-12.07.04:546][  0]LogMemory: Physical Memory: 3995.53 MB used,  2000.32 MB free, 5995.86 MB total
[2017.06.01-12.07.04:546][  0]LogMemory: Virtual Memory: 650.36 MB used,  2000.32 MB free, 134217728.00 MB total
[2017.06.01-12.07.04:666][  0]LogInit: Using OS detected language (en-US).
[2017.06.01-12.07.04:666][  0]LogInit: Using OS detected locale (en-US).
[2017.06.01-12.07.04:670][  0]LogTextLocalizationManager: No specific localization for 'en-US' exists, so the 'en' localization will be used.
[2017.06.01-12.07.05:936][  0]LogD3D11RHI: D3D11 adapters:
[2017.06.01-12.07.05:943][  0]LogD3D11RHI:    0. 'Intel(R) HD Graphics 3000' (Feature Level 10_0)
[2017.06.01-12.07.05:943][  0]LogD3D11RHI:       128/0/1632 MB DedicatedVideo/DedicatedSystem/SharedSystem, Outputs:1, VendorId:0x8086
[2017.06.01-12.07.05:947][  0]LogD3D11RHI:    1. 'Microsoft Basic Render Driver' (Feature Level 11_0)
[2017.06.01-12.07.05:947][  0]LogD3D11RHI:       0/0/2997 MB DedicatedVideo/DedicatedSystem/SharedSystem, Outputs:0, VendorId:0x1414
[2017.06.01-12.07.05:947][  0]LogD3D11RHI: Chosen D3D11 Adapter: 0
[2017.06.01-12.07.05:953][  0]LogD3D11RHI: Creating new Direct3DDevice
[2017.06.01-12.07.05:953][  0]LogD3D11RHI:     GPU DeviceId: 0x126 (for the marketing name, search the web for "GPU Device Id")
[2017.06.01-12.07.05:953][  0]LogWindows: EnumDisplayDevices:
[2017.06.01-12.07.05:953][  0]LogWindows:    0. 'Intel(R) HD Graphics 3000' (P:1 D:1)
[2017.06.01-12.07.05:953][  0]LogWindows:    1. 'Intel(R) HD Graphics 3000' (P:0 D:0)
[2017.06.01-12.07.05:954][  0]LogWindows: DebugString: FoundDriverCount:2 
[2017.06.01-12.07.05:954][  0]LogD3D11RHI:     Adapter Name: Intel(R) HD Graphics 3000
[2017.06.01-12.07.05:954][  0]LogD3D11RHI:   Driver Version: 9.17.10.4459 (internal:9.17.10.4459, unified:9.17.10.4459)
[2017.06.01-12.07.05:954][  0]LogD3D11RHI:      Driver Date: 5-19-2016
[2017.06.01-12.07.05:954][  0]LogRHI: Texture pool is 660 MB (70% of 944 MB)
[2017.06.01-12.07.05:956][  0]LogD3D11RHI: Async texture creation enabled
[2017.06.01-12.07.05:979][  0]LogD3D11RHI: GPU Timing Frequency: 12.500000 (Debug: 2 2)
[2017.06.01-12.07.05:980][  0]LogShaderCompilers: Guid format shader working directory is -23 characters bigger than the processId version (../../../../../../Users/liormax/Documents/Unreal Projects/MirrorGameJam/Intermediate/Shaders/WorkingDirectory/8180/).
[2017.06.01-12.07.05:980][  0]LogShaderCompilers: Cleaned the shader compiler working directory 'C:/Users/liormax/AppData/Local/Temp/UnrealShaderWorkingDir/3826E7504F2670B15554AB91809CFEB1/'.
[2017.06.01-12.07.05:980][  0]LogShaderCompilers:Display: Using Local Shader Compiler.
[2017.06.01-12.07.07:500][  0]LogTemp:Display: Loaded TP AllDesktopTargetPlatform
[2017.06.01-12.07.07:578][  0]LogTemp:Display: Loaded TP MacClientTargetPlatform
[2017.06.01-12.07.07:655][  0]LogTemp:Display: Loaded TP MacNoEditorTargetPlatform
[2017.06.01-12.07.07:734][  0]LogTemp:Display: Loaded TP MacServerTargetPlatform
[2017.06.01-12.07.07:813][  0]LogTemp:Display: Loaded TP MacTargetPlatform
[2017.06.01-12.07.07:892][  0]LogTemp:Display: Loaded TP WindowsClientTargetPlatform
[2017.06.01-12.07.07:969][  0]LogTemp:Display: Loaded TP WindowsNoEditorTargetPlatform
[2017.06.01-12.07.08:046][  0]LogTemp:Display: Loaded TP WindowsServerTargetPlatform
[2017.06.01-12.07.08:115][  0]LogTemp:Display: Loaded TP WindowsTargetPlatform
[2017.06.01-12.07.08:194][  0]LogTemp:Display: Loaded TP AndroidTargetPlatform
[2017.06.01-12.07.08:273][  0]LogTemp:Display: Loaded TP Android_ASTCTargetPlatform
[2017.06.01-12.07.08:352][  0]LogTemp:Display: Loaded TP Android_ATCTargetPlatform
[2017.06.01-12.07.08:430][  0]LogTemp:Display: Loaded TP Android_DXTTargetPlatform
[2017.06.01-12.07.08:505][  0]LogTemp:Display: Loaded TP Android_ETC1TargetPlatform
[2017.06.01-12.07.08:582][  0]LogTemp:Display: Loaded TP Android_ETC2TargetPlatform
[2017.06.01-12.07.08:737][  0]LogTemp:Display: Loaded TP Android_MultiTargetPlatform
[2017.06.01-12.07.08:737][  0]LogTemp:Display: Loaded TP Android_PVRTCTargetPlatform
[2017.06.01-12.07.08:800][  0]LogTemp:Display: Loaded TP HTML5TargetPlatform
[2017.06.01-12.07.08:942][  0]LogTemp:Display: Loaded TP IOSTargetPlatform
[2017.06.01-12.07.08:989][  0]LogTemp:Display: Loaded TP TVOSTargetPlatform
[2017.06.01-12.07.09:065][  0]LogTemp:Display: Loaded TP LinuxClientTargetPlatform
[2017.06.01-12.07.09:140][  0]LogTemp:Display: Loaded TP LinuxNoEditorTargetPlatform
[2017.06.01-12.07.09:215][  0]LogTemp:Display: Loaded TP LinuxServerTargetPlatform
[2017.06.01-12.07.09:298][  0]LogTemp:Display: Loaded TP LinuxTargetPlatform
[2017.06.01-12.07.09:298][  0]LogTargetPlatformManager:Display: Building Assets For Windows
[2017.06.01-12.07.10:082][  0]LogDerivedDataCache:Display: Max Cache Size: 512 MB
[2017.06.01-12.07.10:213][  0]LogDerivedDataCache: Loaded boot cache 0.13s 86MB C:/Users/liormax/AppData/Local/UnrealEngine/4.16/DerivedDataCache/Boot.ddc.
[2017.06.01-12.07.10:213][  0]LogDerivedDataCache:Display: Loaded Boot cache: C:/Users/liormax/AppData/Local/UnrealEngine/4.16/DerivedDataCache/Boot.ddc
[2017.06.01-12.07.10:214][  0]LogDerivedDataCache: FDerivedDataBackendGraph:  Pak pak cache file ../../../../../../Users/liormax/Documents/Unreal Projects/MirrorGameJam/DerivedDataCache/DDC.ddp not found, will not use a pak cache.
[2017.06.01-12.07.10:214][  0]LogDerivedDataCache: Unable to find inner node Pak for hierarchical cache Hierarchy.
[2017.06.01-12.07.10:214][  0]LogDerivedDataCache: FDerivedDataBackendGraph:  CompressedPak pak cache file ../../../../../../Users/liormax/Documents/Unreal Projects/MirrorGameJam/DerivedDataCache/Compressed.ddp not found, will not use a pak cache.
[2017.06.01-12.07.10:214][  0]LogDerivedDataCache: Unable to find inner node CompressedPak for hierarchical cache Hierarchy.
[2017.06.01-12.07.10:239][  0]LogDerivedDataCache:Display: Pak cache opened for reading ../../../Engine/DerivedDataCache/Compressed.ddp.
[2017.06.01-12.07.10:252][  0]LogDerivedDataCache: Using Local data cache path C:/Users/liormax/AppData/Local/UnrealEngine/Common/DerivedDataCache: Writable
[2017.06.01-12.07.10:260][  0]LogMaterial: Verifying Global Shaders for PCD3D_SM4
[2017.06.01-12.07.10:260][  0]LogSlate: Using Freetype 2.6.0
[2017.06.01-12.07.10:261][  0]LogSlate: SlateFontCache - WITH_FREETYPE: 1, WITH_HARFBUZZ: 1
[2017.06.01-12.07.10:261][  0]LogSlate: SlateFontCache - WITH_FREETYPE: 1, WITH_HARFBUZZ: 1
[2017.06.01-12.07.10:736][  0]LogInit: Selected Device Profile: [Windows]
[2017.06.01-12.07.10:868][  0]LogContentStreaming: Texture pool size is 0.00 MB
[2017.06.01-12.07.11:096][  0]LogMeshUtilities: Using QuadricMeshReduction for automatic static mesh reduction
[2017.06.01-12.07.11:166][  0]LogSimplygon: Simplygon DLL not present - disabling.
[2017.06.01-12.07.11:239][  0]LogMeshUtilities: Using SimplygonSwarm for distributed automatic mesh merging
[2017.06.01-12.07.11:239][  0]LogMeshUtilities: No automatic skeletal mesh reduction module available
[2017.06.01-12.07.11:239][  0]LogMeshUtilities: No automatic mesh merging module available
[2017.06.01-12.07.12:095][  0]LogNetVersion: MirrorGameJam , NetCL: 3452394, EngineNetVer: 2, GameNetVer: 0 (Checksum: 4268874848)
[2017.06.01-12.07.12:177][  0]LogAssetRegistry: FAssetRegistry took 0.0280 seconds to start up
[2017.06.01-12.07.12:273][  0]LogPackageLocalizationCache: Processed 4 localized package path(s) for 2 prioritized culture(s) in 0.052728 seconds
[2017.06.01-12.07.12:280][  0]LogUObjectArray: 34194 objects as part of root set at end of initial load.
[2017.06.01-12.07.12:280][  0]LogUObjectAllocator: 7260416 out of 0 bytes used by permanent object pool.
[2017.06.01-12.07.12:280][  0]LogUObjectArray: CloseDisregardForGC: 0/0 objects in disregard for GC pool
[2017.06.01-12.07.12:392][  0]LogInit: WinSock: version 1.1 (2.2), MaxSocks=32767, MaxUdp=65467
[2017.06.01-12.07.15:845][  0]LogTcpMessaging: Initializing TcpMessaging bridge
[2017.06.01-12.07.15:903][  0]LogUdpMessaging: Initializing bridge on interface 0.0.0.0:0 to multicast group 230.0.0.1:6666.
[2017.06.01-12.07.16:667][  0]LogMaterial: Uniform references updated for custom material expression Custom.
[2017.06.01-12.07.17:265][  0]SourceControl: Info Source control is disabled
[2017.06.01-12.07.17:333][  0]SourceControl: Info Source control is disabled
[2017.06.01-12.07.17:408][  0]SourceControl: Info Source control is disabled
[2017.06.01-12.07.17:480][  0]SourceControl: Info Source control is disabled
[2017.06.01-12.07.18:547][  0]LogAndroidPermission: UAndroidPermissionCallbackProxy::GetInstance
[2017.06.01-12.07.19:450][  0]LogEngine: Initializing Engine...
[2017.06.01-12.07.19:451][  0]LogHMD: Failed to initialize OpenVR with code 110
[2017.06.01-12.07.19:788][  0]LogStats: UGameplayTagsManager::ConstructGameplayTagTree: Construct from data asset -  0.000 s
[2017.06.01-12.07.19:788][  0]LogStats: UGameplayTagsManager::ConstructGameplayTagTree: GameplayTagTreeChangedEvent.Broadcast -  0.000 s
[2017.06.01-12.07.19:981][  0]LogAIModule: Creating AISystem for world Untitled
[2017.06.01-12.07.19:989][  0]LogInit: XAudio2 using 'Speakers (Realtek High Definition Audio)' : 2 channels at 48 kHz using 32 bits per sample (channel mask 0x3)
[2017.06.01-12.07.20:020][  0]LogInit: FAudioDevice initialized.
[2017.06.01-12.07.20:075][  0]LogDerivedDataCache: Saved boot cache 0.05s 86MB C:/Users/liormax/AppData/Local/UnrealEngine/4.16/DerivedDataCache/Boot.ddc.
[2017.06.01-12.07.20:102][  0]LogInit: Texture streaming: Enabled
[2017.06.01-12.07.20:254][  0]LogEngineSessionManager: EngineSessionManager initialized
[2017.06.01-12.07.20:595][  0]LogInit: Transaction tracking system initialized
[2017.06.01-12.07.21:099][  0]BlueprintLog: New page: Editor Load
[2017.06.01-12.07.22:589][  0]LocalizationService: Info Localization service is disabled
[2017.06.01-12.07.23:985][  0]LogConsoleResponse:Display: 
[2017.06.01-12.07.24:213][  0]LogCook:Display: Max memory allowance for cook 16384mb min free memory 0mb
[2017.06.01-12.07.24:214][  0]LogCook:Display: Mobile HDR setting 1
[2017.06.01-12.07.24:477][  0]LogFileCache: Scanning file cache for directory 'C:/Users/liormax/Documents/Unreal Projects/MirrorGameJam/Content/' took 0.02s
[2017.06.01-12.07.25:952][  0]SourceControl: Info Source control is disabled
[2017.06.01-12.07.25:952][  0]Cmd: MAP LOAD FILE="../../../Engine/Content/Maps/Templates/Template_Default.umap" TEMPLATE=1 SHOWPROGRESS=1 FEATURELEVEL=2
[2017.06.01-12.07.25:953][  0]LightingResults: New page: Lighting Build
[2017.06.01-12.07.26:028][  0]MapCheck: New page: Map Check
[2017.06.01-12.07.26:028][  0]LightingResults: New page: Lighting Build
[2017.06.01-12.07.26:459][  0]LogAIModule: Creating AISystem for world Untitled_1
[2017.06.01-12.07.26:460][  0]LogActorComponent: RegisterComponentWithWorld: (/Temp/Untitled_1.Untitled_1:PersistentLevel.WorldSettings_1.StaticMeshComponent0) Trying to register component with IsPendingKill() == true. Aborting.
[2017.06.01-12.07.26:466][  0]LogEditorServer: Finished looking for orphan Actors (0.000 secs)
[2017.06.01-12.07.26:555][  0]Cmd: MAP CHECKDEP NOCLEARLOG
[2017.06.01-12.07.26:638][  0]MapCheck: Info Map check complete: 0 Error(s), 0 Warning(s), took 82.437ms to complete.
[2017.06.01-12.07.26:638][  0]LogFileHelpers: Loading map 'Template_Default' took 0.685
[2017.06.01-12.07.27:025][  0]LogCollectionManager: Loaded 0 collections in 0.002696 seconds
[2017.06.01-12.07.27:138][  0]LogFileCache: Scanning file cache for directory 'C:/Users/liormax/Documents/Unreal Projects/MirrorGameJam/Saved/Collections/' took 0.01s
[2017.06.01-12.07.27:138][  0]LogFileCache: Scanning file cache for directory 'C:/Users/liormax/Documents/Unreal Projects/MirrorGameJam/Content/Developers/liormax/Collections/' took 0.01s
[2017.06.01-12.07.27:138][  0]LogFileCache: Scanning file cache for directory 'C:/Users/liormax/Documents/Unreal Projects/MirrorGameJam/Content/Collections/' took 0.01s
[2017.06.01-12.07.27:138][  0]LogCollectionManager: Rebuilt the GUID cache for 0 collections in 0.000002 seconds
[2017.06.01-12.07.27:154][  0]LogContentBrowser: Native class hierarchy populated in 0.0163 seconds. Added 2329 classes and 491 folders.
[2017.06.01-12.07.27:274][  0]LogContentBrowser: Native class hierarchy updated for 'WidgetCarousel' in 0.0008 seconds. Added 0 classes and 0 folders.
[2017.06.01-12.07.29:220][  0]LogContentBrowser: Native class hierarchy updated for 'AddContentDialog' in 0.0009 seconds. Added 0 classes and 0 folders.
[2017.06.01-12.07.29:367][  0]LogContentBrowser: Native class hierarchy updated for 'SceneOutliner' in 0.0009 seconds. Added 1 classes and 2 folders.
[2017.06.01-12.07.29:442][  0]LogCrashTracker: Crashtracker disabled due to settings.
[2017.06.01-12.07.29:448][  0]LogSlate: Took 0.000341 seconds to synchronously load lazily loaded font '../../../Engine/Content/Slate/Fonts/Roboto-Regular.ttf' (155K)
[2017.06.01-12.07.29:451][  0]LogSlate: Took 0.000307 seconds to synchronously load lazily loaded font '../../../Engine/Content/Slate/Fonts/Roboto-Bold.ttf' (160K)
[2017.06.01-12.07.29:480][  0]LogSlate: Took 0.022284 seconds to synchronously load lazily loaded font '../../../Engine/Content/Editor/Slate/Fonts/FontAwesome.ttf' (139K)
[2017.06.01-12.07.29:671][  0]LogRenderer: Reallocating scene render targets to support 848x372 NumSamples 1 (Frame:1).
[2017.06.01-12.07.30:506][  0]LogUObjectGlobals:Warning: Failed to find object 'Class None.'
[2017.06.01-12.07.30:595][  0]LogContentBrowser: Native class hierarchy updated for 'HierarchicalLODOutliner' in 0.0008 seconds. Added 1 classes and 2 folders.
[2017.06.01-12.07.30:595][  0]LogLoad: (Engine Initialization) Total time: 28.55 seconds
[2017.06.01-12.07.30:595][  0]LogLoad: (Engine Initialization) Total Blueprint compile time: 0.15 seconds
[2017.06.01-12.07.30:596][  0]LogExternalProfiler: Found external profiler: VSPerf
[2017.06.01-12.07.30:596][  0]LogExternalProfiler: Using external profiler: VSPerf
[2017.06.01-12.07.30:935][  0]LogOcInput: OculusInput pre-init called
[2017.06.01-12.07.30:935][  0]LogHMD: Starting GearVRController plugin
[2017.06.01-12.07.30:953][  0]LogContentStreaming: Texture pool size now 400 MB
[2017.06.01-12.07.31:273][  1]LogAssetRegistry: Asset discovery search completed in 19.1182 seconds
[2017.06.01-12.07.31:275][  1]LogCollectionManager: Rebuilt the object cache for 0 collections in 0.000008 seconds (found 0 objects)
[2017.06.01-12.07.31:275][  1]LogCollectionManager: Fixed up redirectors for 0 collections in 0.000046 seconds (updated 0 objects)
[2017.06.01-12.07.35:349][ 13]LogSlate: Took 0.073849 seconds to synchronously load lazily loaded font '../../../Engine/Content/Slate/Fonts/Roboto-Light.ttf' (159K)
[2017.06.01-12.08.58:221][472]LogSlate: Took 0.000361 seconds to synchronously load lazily loaded font '../../../Engine/Content/Slate/Fonts/Roboto-Light.ttf' (159K)
[2017.06.01-12.08.58:396][472]LogAIModule: Creating AISystem for world TestLevel
[2017.06.01-12.08.58:495][472]Cmd: MAP LOAD FILE="../../../../../../Users/liormax/Documents/Unreal Projects/MirrorGameJam/Content/TestLevel.umap" TEMPLATE=0 SHOWPROGRESS=1 FEATURELEVEL=2
[2017.06.01-12.08.58:495][472]LightingResults: New page: Lighting Build
[2017.06.01-12.08.58:496][472]LoadErrors: New page: Loading map: TestLevel.umap
[2017.06.01-12.08.58:496][472]MapCheck: New page: Map Check
[2017.06.01-12.08.58:496][472]LightingResults: New page: Lighting Build
[2017.06.01-12.08.58:528][472]LogEditorServer: Finished looking for orphan Actors (0.000 secs)
[2017.06.01-12.08.58:585][472]Cmd: MAP CHECKDEP NOCLEARLOG
[2017.06.01-12.08.58:657][472]MapCheck: Info Map check complete: 0 Error(s), 0 Warning(s), took 72.089ms to complete.
[2017.06.01-12.08.58:657][472]LogFileHelpers: Loading map 'TestLevel' took 0.164
[2017.06.01-12.09.07:785][788]LogActorFactory: Actor Factory created Cube
[2017.06.01-12.09.08:992][828]LogActorFactory: Actor Factory created Cube
[2017.06.01-12.09.12:598][939]Cmd: DELETE
[2017.06.01-12.09.12:598][939]Cmd: ACTOR DELETE
[2017.06.01-12.09.12:874][939]LogEditorActor: Deleted Actor: StaticMeshActor
[2017.06.01-12.09.12:903][939]LogEditorActor: Deleted 1 Actors (0.045 secs)
[2017.06.01-12.10.01:535][329]LogSlate: Only BGRA pngs, bmps or icos are supported in by External Image Picker
[2017.06.01-12.10.02:222][340]LogTemp: Executing iPhonePackager certificates Engine -bundlename com.YourCompany.MirrorGameJam
[2017.06.01-12.10.02:222][340]LogTemp: CWD: C:\Program Files\Epic Games\UE_4.16\Engine\Binaries\DotNET\IOS
[2017.06.01-12.10.02:222][340]LogTemp: Initial Dir: C:\Program Files\Epic Games\UE_4.16
[2017.06.01-12.10.02:222][340]LogTemp: Env CWD: C:\Program Files\Epic Games\UE_4.16\Engine\Binaries\DotNET\IOS
[2017.06.01-12.10.02:267][341]LogTemp: BranchPath = DESKTOP-GSDUFVJ/C/Program Files/Epic Games/UE_4.16/Engine/Binaries --- GameBranchPath = DESKTOP-GSDUFVJ/C/Program Files/Epic Games/UE_4.16/Engine/Binaries
[2017.06.01-12.10.02:790][356]LogTemp: IPP ERROR: Could not find provision directory 'C:\Users\liormax\AppData\Local/Apple Computer/MobileDevice/Provisioning Profiles/'.
[2017.06.01-12.10.34:600][249]LogSlate: Took 0.000236 seconds to synchronously load lazily loaded font '../../../Engine/Content/Slate/Fonts/Roboto-Regular.ttf' (155K)
[2017.06.01-12.10.34:781][249]LogContentBrowser: Native class hierarchy updated for 'BlueprintGraph' in 0.0014 seconds. Added 112 classes and 0 folders.
[2017.06.01-12.10.36:236][249]LogSlate: Took 0.031174 seconds to synchronously load lazily loaded font '../../../Engine/Content/Editor/Slate/Fonts/Roboto-BoldCondensed.ttf' (158K)
[2017.06.01-12.10.36:752][250]LogSlate: Took 0.026443 seconds to synchronously load lazily loaded font '../../../Engine/Content/Editor/Slate/Fonts/Roboto-Italic.ttf' (157K)
[2017.06.01-12.14.13:031][895]LogSlate: Took 0.018453 seconds to synchronously load lazily loaded font '../../../Engine/Content/Editor/Slate/Fonts/Roboto-BoldCondensedItalic.ttf' (160K)
[2017.06.01-12.20.21:998][618]LogSlate: Took 0.000514 seconds to synchronously load lazily loaded font '../../../Engine/Content/Slate/Fonts/Roboto-Light.ttf' (159K)
[2017.06.01-12.20.31:917][645]LogSavePackage: Save=695.82ms
[2017.06.01-12.20.31:917][645]LogSavePackage: Moving '../../../../../../Users/liormax/Documents/Unreal Projects/MirrorGameJam/Saved/TestLevel_Auto1364DC87A4940184C9FCF36B2E7ACECCD.tmp' to '../../../../../../Users/liormax/Documents/Unreal Projects/MirrorGameJam/Saved/Autosaves/Game/TestLevel_Auto1.umap'
[2017.06.01-12.20.31:929][645]LogSavePackage:Display: Finished SavePackage ../../../../../../Users/liormax/Documents/Unreal Projects/MirrorGameJam/Saved/Autosaves/Game/TestLevel_Auto1.umap
[2017.06.01-12.20.31:958][645]LogFileHelpers: Editor autosave (incl. sublevels) for '/Game/TestLevel' took 0.936
[2017.06.01-12.20.31:958][645]LogFileHelpers: Editor autosave (incl. sublevels) for all levels took 0.936
[2017.06.01-12.20.31:960][645]OBJ SavePackage: Generating thumbnails for [1] asset(s) in package [/Game/Blueprints/Movement/Player] ([1] browsable assets)...
[2017.06.01-12.20.32:007][645]OBJ SavePackage:     Rendered thumbnail for [Blueprint /Game/Blueprints/Movement/Player.Player]
[2017.06.01-12.20.32:007][645]OBJ SavePackage: Finished generating thumbnails for package [/Game/Blueprints/Movement/Player]
[2017.06.01-12.20.32:115][645]LogSavePackage: Save=96.12ms
[2017.06.01-12.20.32:115][645]LogSavePackage: Moving '../../../../../../Users/liormax/Documents/Unreal Projects/MirrorGameJam/Saved/Player_Auto1B448316A49F7E975A317A0B803981953.tmp' to '../../../../../../Users/liormax/Documents/Unreal Projects/MirrorGameJam/Saved/Autosaves/Game/Blueprints/Movement/Player_Auto1.uasset'
[2017.06.01-12.20.32:116][645]LogSavePackage:Display: Finished SavePackage ../../../../../../Users/liormax/Documents/Unreal Projects/MirrorGameJam/Saved/Autosaves/Game/Blueprints/Movement/Player_Auto1.uasset
[2017.06.01-12.20.32:116][645]LogFileHelpers: Auto-saving content packages took 0.157
[2017.06.01-12.32.36:242][742]LogFileHelpers: Editor autosave (incl. sublevels) for '/Game/TestLevel' took 0.154
[2017.06.01-12.32.36:247][742]OBJ SavePackage: Generating thumbnails for [1] asset(s) in package [/Game/Blueprints/Movement/Player] ([1] browsable assets)...
[2017.06.01-12.32.36:341][742]OBJ SavePackage:     Rendered thumbnail for [Blueprint /Game/Blueprints/Movement/Player.Player]
[2017.06.01-12.32.36:341][742]OBJ SavePackage: Finished generating thumbnails for package [/Game/Blueprints/Movement/Player]
[2017.06.01-12.32.36:706][742]LogSavePackage: Save=323.85ms
[2017.06.01-12.32.36:706][742]LogSavePackage: Moving '../../../../../../Users/liormax/Documents/Unreal Projects/MirrorGameJam/Saved/Player_Auto2FADEBF5B4961E622E96875BF86145ECE.tmp' to '../../../../../../Users/liormax/Documents/Unreal Projects/MirrorGameJam/Saved/Autosaves/Game/Blueprints/Movement/Player_Auto2.uasset'
[2017.06.01-12.32.36:711][742]LogSavePackage:Display: Finished SavePackage ../../../../../../Users/liormax/Documents/Unreal Projects/MirrorGameJam/Saved/Autosaves/Game/Blueprints/Movement/Player_Auto2.uasset
[2017.06.01-12.32.36:711][742]LogFileHelpers: Auto-saving content packages took 0.466
[2017.06.01-12.40.33:867][303]LogClass:Warning: Type mismatch in Pick_up_Distance of SKEL_Player_C - Previous (StructProperty) Current(FloatProperty) for package:  FObjectReader
[2017.06.01-12.44.16:341][676]LogFileHelpers: Editor autosave (incl. sublevels) for '/Game/TestLevel' took 0.152
[2017.06.01-12.44.16:346][676]OBJ SavePackage: Generating thumbnails for [1] asset(s) in package [/Game/Blueprints/Movement/Player] ([1] browsable assets)...
[2017.06.01-12.44.16:428][676]OBJ SavePackage:     Rendered thumbnail for [Blueprint /Game/Blueprints/Movement/Player.Player]
[2017.06.01-12.44.16:428][676]OBJ SavePackage: Finished generating thumbnails for package [/Game/Blueprints/Movement/Player]
[2017.06.01-12.44.16:861][676]LogSavePackage: Save=393.72ms
[2017.06.01-12.44.16:864][676]LogSavePackage: Moving '../../../../../../Users/liormax/Documents/Unreal Projects/MirrorGameJam/Saved/Player_Auto347861B7C413D30E4195F54B103A24B6E.tmp' to '../../../../../../Users/liormax/Documents/Unreal Projects/MirrorGameJam/Saved/Autosaves/Game/Blueprints/Movement/Player_Auto3.uasset'
[2017.06.01-12.44.16:869][676]LogSavePackage:Display: Finished SavePackage ../../../../../../Users/liormax/Documents/Unreal Projects/MirrorGameJam/Saved/Autosaves/Game/Blueprints/Movement/Player_Auto3.uasset
[2017.06.01-12.44.16:869][676]LogFileHelpers: Auto-saving content packages took 0.526
[2017.06.01-12.54.17:766][227]LogFileHelpers: Editor autosave (incl. sublevels) for '/Game/TestLevel' took 0.045
[2017.06.01-12.54.17:769][227]OBJ SavePackage: Generating thumbnails for [1] asset(s) in package [/Game/Blueprints/Movement/Player] ([1] browsable assets)...
[2017.06.01-12.54.17:801][227]OBJ SavePackage:     Rendered thumbnail for [Blueprint /Game/Blueprints/Movement/Player.Player]
[2017.06.01-12.54.17:801][227]OBJ SavePackage: Finished generating thumbnails for package [/Game/Blueprints/Movement/Player]
[2017.06.01-12.54.19:537][227]LogSavePackage: Save=102.05ms
[2017.06.01-12.54.19:537][227]LogSavePackage: Moving '../../../../../../Users/liormax/Documents/Unreal Projects/MirrorGameJam/Saved/Player_Auto4F98B6CA9401025A0FADE29A3DF03DDE8.tmp' to '../../../../../../Users/liormax/Documents/Unreal Projects/MirrorGameJam/Saved/Autosaves/Game/Blueprints/Movement/Player_Auto4.uasset'
[2017.06.01-12.54.19:572][227]LogSavePackage:Display: Finished SavePackage ../../../../../../Users/liormax/Documents/Unreal Projects/MirrorGameJam/Saved/Autosaves/Game/Blueprints/Movement/Player_Auto4.uasset
[2017.06.01-12.54.19:572][227]LogFileHelpers: Auto-saving content packages took 1.805
[2017.06.01-13.04.20:249][173]LogFileHelpers: Editor autosave (incl. sublevels) for '/Game/TestLevel' took 0.045
[2017.06.01-13.04.20:252][173]OBJ SavePackage: Generating thumbnails for [1] asset(s) in package [/Game/Blueprints/Movement/Player] ([1] browsable assets)...
[2017.06.01-13.04.20:282][173]OBJ SavePackage:     Rendered thumbnail for [Blueprint /Game/Blueprints/Movement/Player.Player]
[2017.06.01-13.04.20:282][173]OBJ SavePackage: Finished generating thumbnails for package [/Game/Blueprints/Movement/Player]
[2017.06.01-13.04.20:416][173]LogSavePackage: Save=120.78ms
[2017.06.01-13.04.20:416][173]LogSavePackage: Moving '../../../../../../Users/liormax/Documents/Unreal Projects/MirrorGameJam/Saved/Player_Auto5CB006CC8465606C08042BF807DEB89F5.tmp' to '../../../../../../Users/liormax/Documents/Unreal Projects/MirrorGameJam/Saved/Autosaves/Game/Blueprints/Movement/Player_Auto5.uasset'
[2017.06.01-13.04.20:417][173]LogSavePackage:Display: Finished SavePackage ../../../../../../Users/liormax/Documents/Unreal Projects/MirrorGameJam/Saved/Autosaves/Game/Blueprints/Movement/Player_Auto5.uasset
[2017.06.01-13.04.20:417][173]LogFileHelpers: Auto-saving content packages took 0.167
[2017.06.01-13.14.21:028][131]LogFileHelpers: Editor autosave (incl. sublevels) for '/Game/TestLevel' took 0.043
[2017.06.01-13.14.21:030][131]OBJ SavePackage: Generating thumbnails for [1] asset(s) in package [/Game/Blueprints/Movement/Player] ([1] browsable assets)...
[2017.06.01-13.14.21:070][131]OBJ SavePackage:     Rendered thumbnail for [Blueprint /Game/Blueprints/Movement/Player.Player]
[2017.06.01-13.14.21:070][131]OBJ SavePackage: Finished generating thumbnails for package [/Game/Blueprints/Movement/Player]
[2017.06.01-13.14.21:203][131]LogSavePackage: Save=120.80ms
[2017.06.01-13.14.21:203][131]LogSavePackage: Moving '../../../../../../Users/liormax/Documents/Unreal Projects/MirrorGameJam/Saved/Player_Auto6030315E24619D2EE4F0B8886DAC894FD.tmp' to '../../../../../../Users/liormax/Documents/Unreal Projects/MirrorGameJam/Saved/Autosaves/Game/Blueprints/Movement/Player_Auto6.uasset'
[2017.06.01-13.14.21:205][131]LogSavePackage:Display: Finished SavePackage ../../../../../../Users/liormax/Documents/Unreal Projects/MirrorGameJam/Saved/Autosaves/Game/Blueprints/Movement/Player_Auto6.uasset
[2017.06.01-13.14.21:205][131]LogFileHelpers: Auto-saving content packages took 0.176
